<?xml version="1.0" encoding="UTF-8"?>
<!-- Generated by org.testng.reporters.JUnitReportReporter -->
<testsuite hostname="srinivas-PC" failures="0" tests="3" name="com.crm.qa.testcases.LoginPageTest" time="41.664" errors="0" timestamp="24 Jun 2018 13:47:56 GMT" skipped="0">
  <testcase classname="com.crm.qa.testcases.LoginPageTest" name="loginPageTitleTest" time="9.745"/>
  <testcase classname="com.crm.qa.testcases.LoginPageTest" name="crmLogoImageTest" time="10.576"/>
  <testcase classname="com.crm.qa.testcases.LoginPageTest" name="loginTest" time="21.343"/>
</testsuite> <!-- com.crm.qa.testcases.LoginPageTest -->
