<?xml version="1.0" encoding="UTF-8"?>
<!-- Generated by org.testng.reporters.JUnitReportReporter -->
<testsuite hostname="srinivas-PC" failures="0" tests="1" name="com.crm.qa.utils.testData" time="0.000" errors="0" timestamp="07 Jul 2018 09:49:46 GMT" skipped="1">
  <testcase classname="com.crm.qa.utils.testData" name="testdata" time="0.000">
    <skipped/>
  </testcase> <!-- testdata -->
</testsuite> <!-- com.crm.qa.utils.testData -->
